2025-03-21T14:01:22.178+05:30  INFO 2968 --- [Project_1] [main] c.example.Project_1.Project1Application  : Starting Project1Application using Java 17.0.10 with PID 2968 (C:\Users\HP\Desktop\New folder\Project_1\target\classes started by HP in C:\Users\HP\Desktop\New folder\Project_1)
2025-03-21T14:01:22.212+05:30  INFO 2968 --- [Project_1] [main] c.example.Project_1.Project1Application  : No active profile set, falling back to 1 default profile: "default"
2025-03-21T14:01:24.802+05:30  INFO 2968 --- [Project_1] [main] .s.d.r.c.RepositoryConfigurationDelegate : Bootstrapping Spring Data JPA repositories in DEFAULT mode.
2025-03-21T14:01:25.072+05:30  INFO 2968 --- [Project_1] [main] .s.d.r.c.RepositoryConfigurationDelegate : Finished Spring Data repository scanning in 232 ms. Found 1 JPA repository interface.
2025-03-21T14:01:27.247+05:30  INFO 2968 --- [Project_1] [main] o.s.b.w.embedded.tomcat.TomcatWebServer  : Tomcat initialized with port 8080 (http)
2025-03-21T14:01:27.273+05:30  INFO 2968 --- [Project_1] [main] o.apache.catalina.core.StandardService   : Starting service [Tomcat]
2025-03-21T14:01:27.274+05:30  INFO 2968 --- [Project_1] [main] o.apache.catalina.core.StandardEngine    : Starting Servlet engine: [Apache Tomcat/10.1.36]
2025-03-21T14:01:27.438+05:30  INFO 2968 --- [Project_1] [main] o.a.c.c.C.[Tomcat].[localhost].[/]       : Initializing Spring embedded WebApplicationContext
2025-03-21T14:01:27.438+05:30  INFO 2968 --- [Project_1] [main] w.s.c.ServletWebServerApplicationContext : Root WebApplicationContext: initialization completed in 5011 ms
2025-03-21T14:01:28.593+05:30  INFO 2968 --- [Project_1] [main] o.hibernate.jpa.internal.util.LogHelper  : HHH000204: Processing PersistenceUnitInfo [name: default]
2025-03-21T14:01:28.820+05:30  INFO 2968 --- [Project_1] [main] org.hibernate.Version                    : HHH000412: Hibernate ORM core version 6.6.8.Final
2025-03-21T14:01:28.933+05:30  INFO 2968 --- [Project_1] [main] o.h.c.internal.RegionFactoryInitiator    : HHH000026: Second-level cache disabled
2025-03-21T14:01:29.899+05:30  INFO 2968 --- [Project_1] [main] o.s.o.j.p.SpringPersistenceUnitInfo      : No LoadTimeWeaver setup: ignoring JPA class transformer
2025-03-21T14:01:29.979+05:30  INFO 2968 --- [Project_1] [main] com.zaxxer.hikari.HikariDataSource       : HikariPool-1 - Starting...
2025-03-21T14:01:34.747+05:30  INFO 2968 --- [Project_1] [main] com.zaxxer.hikari.pool.HikariPool        : HikariPool-1 - Added connection com.mysql.cj.jdbc.ConnectionImpl@32d22650
2025-03-21T14:01:34.761+05:30  INFO 2968 --- [Project_1] [main] com.zaxxer.hikari.HikariDataSource       : HikariPool-1 - Start completed.
2025-03-21T14:01:37.986+05:30  INFO 2968 --- [Project_1] [main] org.hibernate.orm.connections.pooling    : HHH10001005: Database info:
	Database JDBC URL [Connecting through datasource 'HikariDataSource (HikariPool-1)']
	Database driver: undefined/unknown
	Database version: 8.0.36
	Autocommit mode: undefined/unknown
	Isolation level: undefined/unknown
	Minimum pool size: undefined/unknown
	Maximum pool size: undefined/unknown
2025-03-21T14:01:40.713+05:30  INFO 2968 --- [Project_1] [main] o.h.e.t.j.p.i.JtaPlatformInitiator       : HHH000489: No JTA platform available (set 'hibernate.transaction.jta.platform' to enable JTA platform integration)
2025-03-21T14:01:40.911+05:30  INFO 2968 --- [Project_1] [main] j.LocalContainerEntityManagerFactoryBean : Initialized JPA EntityManagerFactory for persistence unit 'default'
2025-03-21T14:01:41.907+05:30  WARN 2968 --- [Project_1] [main] JpaBaseConfiguration$JpaWebConfiguration : spring.jpa.open-in-view is enabled by default. Therefore, database queries may be performed during view rendering. Explicitly configure spring.jpa.open-in-view to disable this warning
2025-03-21T14:01:41.981+05:30  INFO 2968 --- [Project_1] [main] eAuthenticationProviderManagerConfigurer : Global AuthenticationManager configured with AuthenticationProvider bean with name authenticationProvider
2025-03-21T14:01:41.982+05:30  WARN 2968 --- [Project_1] [main] r$InitializeUserDetailsManagerConfigurer : Global AuthenticationManager configured with an AuthenticationProvider bean. UserDetailsService beans will not be used by Spring Security for automatically configuring username/password login. Consider removing the AuthenticationProvider bean. Alternatively, consider using the UserDetailsService in a manually instantiated DaoAuthenticationProvider. If the current configuration is intentional, to turn off this warning, increase the logging level of 'org.springframework.security.config.annotation.authentication.configuration.InitializeUserDetailsBeanManagerConfigurer' to ERROR
2025-03-21T14:01:44.772+05:30  INFO 2968 --- [Project_1] [main] o.s.b.w.embedded.tomcat.TomcatWebServer  : Tomcat started on port 8080 (http) with context path '/'
2025-03-21T14:01:44.799+05:30  INFO 2968 --- [Project_1] [main] c.example.Project_1.Project1Application  : Started Project1Application in 24.461 seconds (process running for 28.188)
2025-03-21T14:03:55.013+05:30  INFO 2968 --- [Project_1] [http-nio-8080-exec-2] o.a.c.c.C.[Tomcat].[localhost].[/]       : Initializing Spring DispatcherServlet 'dispatcherServlet'
2025-03-21T14:03:55.014+05:30  INFO 2968 --- [Project_1] [http-nio-8080-exec-2] o.s.web.servlet.DispatcherServlet        : Initializing Servlet 'dispatcherServlet'
2025-03-21T14:03:55.034+05:30  INFO 2968 --- [Project_1] [http-nio-8080-exec-2] o.s.web.servlet.DispatcherServlet        : Completed initialization in 19 ms
2025-03-21T14:03:56.177+05:30  INFO 2968 --- [Project_1] [http-nio-8080-exec-2] c.e.P.Services.Employee2Services         : Creating Employee with username: null
2025-03-21T14:04:11.337+05:30  INFO 2968 --- [Project_1] [http-nio-8080-exec-3] c.e.P.Services.Employee2Services         : Creating Employee with username: null
2025-03-21T14:04:27.402+05:30  INFO 2968 --- [Project_1] [http-nio-8080-exec-4] c.e.P.Services.Employee2Services         : Creating Employee with username: null
2025-03-21T14:05:06.987+05:30  INFO 2968 --- [Project_1] [http-nio-8080-exec-5] c.e.P.Services.Employee2Services         : Creating Employee with username: null
2025-03-21T14:05:26.099+05:30  INFO 2968 --- [Project_1] [http-nio-8080-exec-6] c.e.P.Services.Employee2Services         : Creating Employee with username: Abcd
2025-03-21T14:11:18.214+05:30  INFO 2968 --- [Project_1] [http-nio-8080-exec-10] c.e.P.Services.Employee2Services         :  Login SuccessFully :Fenil
2025-03-21T14:11:40.047+05:30  INFO 2968 --- [Project_1] [http-nio-8080-exec-8] c.e.P.Services.Employee2Services         :  Login SuccessFully :Fenil
2025-03-21T14:14:49.545+05:30  INFO 2968 --- [Project_1] [http-nio-8080-exec-3] c.e.P.Services.Employee2Services         :  GetAll Method !!
2025-03-21T14:18:42.129+05:30  INFO 2968 --- [Project_1] [http-nio-8080-exec-6] c.e.P.Controller.Employee2Controller     : Update request received for Employee ID: 60
2025-03-21T14:18:42.131+05:30  INFO 2968 --- [Project_1] [http-nio-8080-exec-6] c.e.P.Services.Employee2Services         :  Update Username and Password :60
2025-03-21T14:18:42.132+05:30  INFO 2968 --- [Project_1] [http-nio-8080-exec-6] c.e.P.Services.Employee2Services         :  GetById Method !!  :60
2025-03-21T14:19:24.546+05:30  INFO 2968 --- [Project_1] [http-nio-8080-exec-7] c.e.P.Services.Employee2Services         :  GetAll Method !!
2025-03-21T14:26:54.471+05:30  WARN 2968 --- [Project_1] [HikariPool-1 housekeeper] com.zaxxer.hikari.pool.HikariPool        : HikariPool-1 - Thread starvation or clock leap detected (housekeeper delta=4m19s259ms599µs800ns).
2025-03-21T14:27:05.925+05:30  INFO 2968 --- [Project_1] [http-nio-8080-exec-8] c.e.P.Services.Employee2Services         :  Login SuccessFully :Fenil
2025-03-21T14:28:00.034+05:30  INFO 2968 --- [Project_1] [http-nio-8080-exec-3] c.e.P.Services.Employee2Services         :  GetById Method !!  :1
2025-03-21T14:31:26.745+05:30  INFO 2968 --- [Project_1] [http-nio-8080-exec-9] c.e.P.Services.Employee2Services         :  Login SuccessFully :Fenil
2025-03-21T14:32:01.294+05:30  INFO 2968 --- [Project_1] [http-nio-8080-exec-1] c.e.P.Controller.Employee2Controller     : Extracted roles from token: [ADMIN]
2025-03-21T14:32:05.863+05:30  WARN 2968 --- [Project_1] [http-nio-8080-exec-1] c.e.P.Services.Employee2Services         : ID exists in DB: 60
2025-03-21T14:32:06.060+05:30  WARN 2968 --- [Project_1] [http-nio-8080-exec-1] c.e.P.Services.Employee2Services         : Delete SuccessFully :60
2025-03-21T14:32:19.161+05:30  INFO 2968 --- [Project_1] [http-nio-8080-exec-2] c.e.P.Services.Employee2Services         :  GetAll Method !!
2025-03-21T14:38:38.236+05:30  INFO 2968 --- [Project_1] [SpringApplicationShutdownHook] o.s.b.w.e.tomcat.GracefulShutdown        : Commencing graceful shutdown. Waiting for active requests to complete
2025-03-21T14:38:38.565+05:30  INFO 2968 --- [Project_1] [tomcat-shutdown] o.s.b.w.e.tomcat.GracefulShutdown        : Graceful shutdown complete
2025-03-21T14:38:38.605+05:30  INFO 2968 --- [Project_1] [SpringApplicationShutdownHook] j.LocalContainerEntityManagerFactoryBean : Closing JPA EntityManagerFactory for persistence unit 'default'
2025-03-21T14:38:38.629+05:30  INFO 2968 --- [Project_1] [SpringApplicationShutdownHook] com.zaxxer.hikari.HikariDataSource       : HikariPool-1 - Shutdown initiated...
2025-03-21T14:38:38.676+05:30  INFO 2968 --- [Project_1] [SpringApplicationShutdownHook] com.zaxxer.hikari.HikariDataSource       : HikariPool-1 - Shutdown completed.
